1508431436.737 <1B74> [WRITE] XsDevice::extractFirmwareVersion Device 01210674 has firmware version 4.0.1
1508431436.747 <1B74> [WRITE] XsDevice::extractFirmwareVersion Device 01210674 has firmware version 4.0.1
1508431436.749 <1B74> [WRITE] DeviceFactory::createMasterDevice Created master device with id: 01210674 and firmware version: 4.0.1
1508431438.807 <1868> [WRITE] DeviceFactory::createChildDevice Created child device with id: 00B42086
1508431438.807 <1868> [WRITE] XsDevice::setFirmwareVersion Device 00B42086 has firmware version 4.0.2
1508431439.933 <1868> [WRITE] DeviceFactory::createChildDevice Created child device with id: 00B41FAC
1508431439.933 <1868> [WRITE] XsDevice::setFirmwareVersion Device 00B41FAC has firmware version 4.0.2
1508431442.300 <1B74> [WRITE] XsDevice::extractFirmwareVersion Device 01210674 has firmware version 4.0.1
1508431535.202 <1868> [ALERT] DeviceCommunicator::extractMessagesFromBuffer Found incomplete message at (0 size: 58) before complete message at (23), retry is now on 0
1508431538.952 <1868> [ALERT] DeviceCommunicator::extractMessagesFromBuffer Found incomplete message at (0 size: 58) before complete message at (19), retry is now on 0
1508432347.277 <1868> [ALERT] DeviceCommunicator::extractMessagesFromBuffer Found incomplete message at (0 size: 58) before complete message at (19), retry is now on 0
1508432368.559 <1868> [ALERT] DeviceCommunicator::extractMessagesFromBuffer Found incomplete message at (0 size: 58) before complete message at (19), retry is now on 0
1508432377.634 <1868> [ALERT] DeviceCommunicator::extractMessagesFromBuffer Found incomplete message at (0 size: 58) before complete message at (19), retry is now on 0
1508433153.677 <1868> [ALERT] DeviceCommunicator::extractMessagesFromBuffer Found incomplete message at (0 size: 58) before complete message at (19), retry is now on 0
1508433183.451 <1868> [ALERT] DeviceCommunicator::extractMessagesFromBuffer Found incomplete message at (0 size: 58) before complete message at (19), retry is now on 0
1508433965.376 <1868> [ALERT] DeviceCommunicator::extractMessagesFromBuffer Found incomplete message at (0 size: 58) before complete message at (19), retry is now on 0
1508433967.944 <1868> [ALERT] DeviceCommunicator::extractMessagesFromBuffer Found incomplete message at (0 size: 58) before complete message at (19), retry is now on 0
1508433971.027 <1868> [ALERT] DeviceCommunicator::extractMessagesFromBuffer Found incomplete message at (0 size: 58) before complete message at (19), retry is now on 0
1508434838.557 <1868> [ALERT] DeviceCommunicator::extractMessagesFromBuffer Found incomplete message at (0 size: 58) before complete message at (19), retry is now on 0
1508434867.049 <1B74> [WRITE] XsDevice::extractFirmwareVersion Device 01210674 has firmware version 4.0.1
1508434867.154 <1B74> [ALERT] DeviceCommunicator::doTransaction Failed to write message because XRV 288 
1508434867.154 <1B74> [ALERT] AwindaBaseStation::sendDriverDisconnect Disconnect failed
